  glad.c
  Demo.cpp
  RenderEngine.cpp
  Generating Code...
Demo.obj : error LNK2019: unresolved external symbol glfwSetWindowShouldClose referenced in function "private: virtual void __cdecl Demo::ProcessInput(struct GLFWwindow *)" (?ProcessInput@Demo@@EEAAXPEAUGLFWwindow@@@Z)
Demo.obj : error LNK2019: unresolved external symbol glfwSetInputMode referenced in function "private: void __cdecl Demo::InitCamera(void)" (?InitCamera@Demo@@AEAAXXZ)
Demo.obj : error LNK2019: unresolved external symbol glfwGetKey referenced in function "private: virtual void __cdecl Demo::ProcessInput(struct GLFWwindow *)" (?ProcessInput@Demo@@EEAAXPEAUGLFWwindow@@@Z)
Demo.obj : error LNK2019: unresolved external symbol glfwGetMouseButton referenced in function "private: virtual void __cdecl Demo::ProcessInput(struct GLFWwindow *)" (?ProcessInput@Demo@@EEAAXPEAUGLFWwindow@@@Z)
Demo.obj : error LNK2019: unresolved external symbol glfwGetCursorPos referenced in function "private: virtual void __cdecl Demo::ProcessInput(struct GLFWwindow *)" (?ProcessInput@Demo@@EEAAXPEAUGLFWwindow@@@Z)
Demo.obj : error LNK2019: unresolved external symbol glfwSetCursorPos referenced in function "private: virtual void __cdecl Demo::ProcessInput(struct GLFWwindow *)" (?ProcessInput@Demo@@EEAAXPEAUGLFWwindow@@@Z)
Demo.obj : error LNK2019: unresolved external symbol SOIL_load_image referenced in function "private: void __cdecl Demo::BuildColoredCube(void)" (?BuildColoredCube@Demo@@AEAAXXZ)
Demo.obj : error LNK2019: unresolved external symbol SOIL_free_image_data referenced in function "private: void __cdecl Demo::BuildColoredCube(void)" (?BuildColoredCube@Demo@@AEAAXXZ)
RenderEngine.obj : error LNK2019: unresolved external symbol glfwInit referenced in function "public: void __cdecl RenderEngine::Start(char const *,unsigned int,unsigned int,bool,bool)" (?Start@RenderEngine@@QEAAXPEBDII_N1@Z)
RenderEngine.obj : error LNK2019: unresolved external symbol glfwTerminate referenced in function "protected: void __cdecl RenderEngine::Err(class std::basic_string<char,struct std::char_traits<char>,class std::allocator<char> >)" (?Err@RenderEngine@@IEAAXV?$basic_string@DU?$char_traits@D@std@@V?$allocator@D@2@@std@@@Z)
RenderEngine.obj : error LNK2019: unresolved external symbol glfwGetPrimaryMonitor referenced in function "public: void __cdecl RenderEngine::Start(char const *,unsigned int,unsigned int,bool,bool)" (?Start@RenderEngine@@QEAAXPEBDII_N1@Z)
RenderEngine.obj : error LNK2019: unresolved external symbol glfwGetVideoMode referenced in function "public: void __cdecl RenderEngine::Start(char const *,unsigned int,unsigned int,bool,bool)" (?Start@RenderEngine@@QEAAXPEBDII_N1@Z)
RenderEngine.obj : error LNK2019: unresolved external symbol glfwWindowHint referenced in function "public: void __cdecl RenderEngine::Start(char const *,unsigned int,unsigned int,bool,bool)" (?Start@RenderEngine@@QEAAXPEBDII_N1@Z)
RenderEngine.obj : error LNK2019: unresolved external symbol glfwCreateWindow referenced in function "public: void __cdecl RenderEngine::Start(char const *,unsigned int,unsigned int,bool,bool)" (?Start@RenderEngine@@QEAAXPEBDII_N1@Z)
RenderEngine.obj : error LNK2019: unresolved external symbol glfwDestroyWindow referenced in function "public: __cdecl RenderEngine::~RenderEngine(void)" (??1RenderEngine@@QEAA@XZ)
RenderEngine.obj : error LNK2019: unresolved external symbol glfwWindowShouldClose referenced in function "public: void __cdecl RenderEngine::Start(char const *,unsigned int,unsigned int,bool,bool)" (?Start@RenderEngine@@QEAAXPEBDII_N1@Z)
RenderEngine.obj : error LNK2019: unresolved external symbol glfwSetWindowPos referenced in function "public: void __cdecl RenderEngine::Start(char const *,unsigned int,unsigned int,bool,bool)" (?Start@RenderEngine@@QEAAXPEBDII_N1@Z)
RenderEngine.obj : error LNK2019: unresolved external symbol glfwPollEvents referenced in function "public: void __cdecl RenderEngine::Start(char const *,unsigned int,unsigned int,bool,bool)" (?Start@RenderEngine@@QEAAXPEBDII_N1@Z)
RenderEngine.obj : error LNK2019: unresolved external symbol glfwGetTime referenced in function "protected: double __cdecl RenderEngine::GetDeltaTime(void)" (?GetDeltaTime@RenderEngine@@IEAANXZ)
RenderEngine.obj : error LNK2019: unresolved external symbol glfwMakeContextCurrent referenced in function "public: void __cdecl RenderEngine::Start(char const *,unsigned int,unsigned int,bool,bool)" (?Start@RenderEngine@@QEAAXPEBDII_N1@Z)
RenderEngine.obj : error LNK2019: unresolved external symbol glfwSwapBuffers referenced in function "public: void __cdecl RenderEngine::Start(char const *,unsigned int,unsigned int,bool,bool)" (?Start@RenderEngine@@QEAAXPEBDII_N1@Z)
RenderEngine.obj : error LNK2019: unresolved external symbol glfwSwapInterval referenced in function "public: void __cdecl RenderEngine::Start(char const *,unsigned int,unsigned int,bool,bool)" (?Start@RenderEngine@@QEAAXPEBDII_N1@Z)
RenderEngine.obj : error LNK2019: unresolved external symbol glfwGetProcAddress referenced in function "public: void __cdecl RenderEngine::Start(char const *,unsigned int,unsigned int,bool,bool)" (?Start@RenderEngine@@QEAAXPEBDII_N1@Z)
C:\Users\Rachmalia Dewi\source\repos\Grafika Komputer dan Visualisasi-20190515T035500Z-001\Grafika Komputer dan Visualisasi\vs\x64\Debug\Lesson04.exe : fatal error LNK1120: 23 unresolved externals
